[0m10:03:57.994618 [debug] [MainThread]: Sending event: {'category': 'dbt', 'action': 'invocation', 'label': 'start', 'context': [<snowplow_tracker.self_describing_json.SelfDescribingJson object at 0x790bfc9cabc0>, <snowplow_tracker.self_describing_json.SelfDescribingJson object at 0x790bfc350fd0>, <snowplow_tracker.self_describing_json.SelfDescribingJson object at 0x790bfafaecb0>]}


============================== 10:03:58.000296 | d288d944-f7f6-4d73-87ac-90f9105451b2 ==============================
[0m10:03:58.000296 [info ] [MainThread]: Running with dbt=1.8.4
[0m10:03:58.001128 [debug] [MainThread]: running dbt with arguments {'printer_width': '80', 'indirect_selection': 'eager', 'log_cache_events': 'False', 'write_json': 'True', 'partial_parse': 'True', 'cache_selected_only': 'False', 'profiles_dir': '/home/codespace/.dbt', 'fail_fast': 'False', 'version_check': 'True', 'log_path': 'logs', 'warn_error': 'None', 'debug': 'False', 'use_colors': 'True', 'use_experimental_parser': 'False', 'no_print': 'None', 'quiet': 'False', 'empty': 'None', 'warn_error_options': 'WarnErrorOptions(include=[], exclude=[])', 'static_parser': 'True', 'invocation_command': 'dbt init my_dbt_project', 'log_format': 'default', 'target_path': 'None', 'introspect': 'True', 'send_anonymous_usage_stats': 'True'}
[0m10:03:58.009761 [debug] [MainThread]: Starter project path: /usr/local/python/3.10.13/lib/python3.10/site-packages/dbt/include/starter_project
[0m10:03:58.014821 [info ] [MainThread]: 
Your new dbt project "my_dbt_project" was created!

For more information on how to configure the profiles.yml file,
please consult the dbt documentation here:

  https://docs.getdbt.com/docs/configure-your-profile

One more thing:

Need help? Don't hesitate to reach out to us via GitHub issues or on Slack:

  https://community.getdbt.com/

Happy modeling!

[0m10:03:58.016585 [info ] [MainThread]: Setting up your profile.
[0m10:04:19.588063 [debug] [MainThread]: Resource report: {"command_name": "init", "command_success": true, "command_wall_clock_time": 21.670969, "process_user_time": 1.56473, "process_kernel_time": 0.132061, "process_mem_max_rss": "123328", "process_out_blocks": "80", "process_in_blocks": "0"}
[0m10:04:19.589053 [debug] [MainThread]: Command `dbt init` succeeded at 10:04:19.588909 after 21.67 seconds
[0m10:04:19.589687 [debug] [MainThread]: Sending event: {'category': 'dbt', 'action': 'invocation', 'label': 'end', 'context': [<snowplow_tracker.self_describing_json.SelfDescribingJson object at 0x790bfc9cabc0>, <snowplow_tracker.self_describing_json.SelfDescribingJson object at 0x790bfc350fd0>, <snowplow_tracker.self_describing_json.SelfDescribingJson object at 0x790bfafae5f0>]}
[0m10:04:19.590295 [debug] [MainThread]: Flushing usage events
[0m10:32:06.181084 [debug] [MainThread]: Sending event: {'category': 'dbt', 'action': 'invocation', 'label': 'start', 'context': [<snowplow_tracker.self_describing_json.SelfDescribingJson object at 0x7651220eead0>, <snowplow_tracker.self_describing_json.SelfDescribingJson object at 0x765120583b80>, <snowplow_tracker.self_describing_json.SelfDescribingJson object at 0x7651205812a0>]}


============================== 10:32:06.184974 | 422cb563-6486-40be-b916-66825fe04e0c ==============================
[0m10:32:06.184974 [info ] [MainThread]: Running with dbt=1.8.4
[0m10:32:06.185842 [debug] [MainThread]: running dbt with arguments {'printer_width': '80', 'indirect_selection': 'eager', 'write_json': 'True', 'log_cache_events': 'False', 'partial_parse': 'True', 'cache_selected_only': 'False', 'profiles_dir': '/home/codespace/.dbt', 'version_check': 'True', 'warn_error': 'None', 'log_path': 'logs', 'fail_fast': 'False', 'debug': 'False', 'use_colors': 'True', 'use_experimental_parser': 'False', 'no_print': 'None', 'quiet': 'False', 'empty': 'None', 'warn_error_options': 'WarnErrorOptions(include=[], exclude=[])', 'static_parser': 'True', 'log_format': 'default', 'invocation_command': 'dbt debug', 'target_path': 'None', 'introspect': 'True', 'send_anonymous_usage_stats': 'True'}
[0m10:32:06.194409 [info ] [MainThread]: dbt version: 1.8.4
[0m10:32:06.195194 [info ] [MainThread]: python version: 3.10.13
[0m10:32:06.195976 [info ] [MainThread]: python path: /usr/local/python/3.10.13/bin/python3
[0m10:32:06.196826 [info ] [MainThread]: os info: Linux-6.5.0-1022-azure-x86_64-with-glibc2.31
[0m10:32:06.356847 [info ] [MainThread]: Using profiles dir at /home/codespace/.dbt
[0m10:32:06.357674 [info ] [MainThread]: Using profiles.yml file at /home/codespace/.dbt/profiles.yml
[0m10:32:06.358290 [info ] [MainThread]: Using dbt_project.yml file at /workspaces/dbt-dlt-ingestion-pipeline/dbt_project.yml
[0m10:32:06.359082 [info ] [MainThread]: adapter type: duckdb
[0m10:32:06.359684 [info ] [MainThread]: adapter version: 1.8.1
[0m10:32:06.360381 [info ] [MainThread]: Configuration:
[0m10:32:06.360971 [info ] [MainThread]:   profiles.yml file [[32mOK found and valid[0m]
[0m10:32:06.361587 [info ] [MainThread]:   dbt_project.yml file [[31mERROR not found[0m]
[0m10:32:06.362178 [info ] [MainThread]: Required dependencies:
[0m10:32:06.362880 [debug] [MainThread]: Executing "git --help"
[0m10:32:06.365965 [debug] [MainThread]: STDOUT: "b"usage: git [-v | --version] [-h | --help] [-C <path>] [-c <name>=<value>]\n           [--exec-path[=<path>]] [--html-path] [--man-path] [--info-path]\n           [-p | --paginate | -P | --no-pager] [--no-replace-objects] [--bare]\n           [--git-dir=<path>] [--work-tree=<path>] [--namespace=<name>]\n           [--config-env=<name>=<envvar>] <command> [<args>]\n\nThese are common Git commands used in various situations:\n\nstart a working area (see also: git help tutorial)\n   clone     Clone a repository into a new directory\n   init      Create an empty Git repository or reinitialize an existing one\n\nwork on the current change (see also: git help everyday)\n   add       Add file contents to the index\n   mv        Move or rename a file, a directory, or a symlink\n   restore   Restore working tree files\n   rm        Remove files from the working tree and from the index\n\nexamine the history and state (see also: git help revisions)\n   bisect    Use binary search to find the commit that introduced a bug\n   diff      Show changes between commits, commit and working tree, etc\n   grep      Print lines matching a pattern\n   log       Show commit logs\n   show      Show various types of objects\n   status    Show the working tree status\n\ngrow, mark and tweak your common history\n   branch    List, create, or delete branches\n   commit    Record changes to the repository\n   merge     Join two or more development histories together\n   rebase    Reapply commits on top of another base tip\n   reset     Reset current HEAD to the specified state\n   switch    Switch branches\n   tag       Create, list, delete or verify a tag object signed with GPG\n\ncollaborate (see also: git help workflows)\n   fetch     Download objects and refs from another repository\n   pull      Fetch from and integrate with another repository or a local branch\n   push      Update remote refs along with associated objects\n\n'git help -a' and 'git help -g' list available subcommands and some\nconcept guides. See 'git help <command>' or 'git help <concept>'\nto read about a specific subcommand or concept.\nSee 'git help git' for an overview of the system.\n""
[0m10:32:06.366583 [debug] [MainThread]: STDERR: "b''"
[0m10:32:06.367102 [info ] [MainThread]:  - git [[32mOK found[0m]

[0m10:32:06.367706 [info ] [MainThread]: Connection:
[0m10:32:06.368304 [info ] [MainThread]:   database: dev
[0m10:32:06.368893 [info ] [MainThread]:   schema: main
[0m10:32:06.369503 [info ] [MainThread]:   path: dev.duckdb
[0m10:32:06.370091 [info ] [MainThread]:   config_options: None
[0m10:32:06.370676 [info ] [MainThread]:   extensions: None
[0m10:32:06.371261 [info ] [MainThread]:   settings: None
[0m10:32:06.371840 [info ] [MainThread]:   external_root: .
[0m10:32:06.372420 [info ] [MainThread]:   use_credential_provider: None
[0m10:32:06.373122 [info ] [MainThread]:   attach: None
[0m10:32:06.373830 [info ] [MainThread]:   filesystems: None
[0m10:32:06.374791 [info ] [MainThread]:   remote: None
[0m10:32:06.377544 [info ] [MainThread]:   plugins: None
[0m10:32:06.378413 [info ] [MainThread]:   disable_transactions: False
[0m10:32:06.379573 [info ] [MainThread]: Registered adapter: duckdb=1.8.1
[0m10:32:06.382158 [debug] [MainThread]: Acquiring new duckdb connection 'debug'
[0m10:32:06.486077 [debug] [MainThread]: Using duckdb connection "debug"
[0m10:32:06.486797 [debug] [MainThread]: On debug: select 1 as id
[0m10:32:06.487345 [debug] [MainThread]: Opening a new connection, currently in state init
[0m10:32:06.505784 [debug] [MainThread]: SQL status: OK in 0.018 seconds
[0m10:32:06.506979 [debug] [MainThread]: On debug: Close
[0m10:32:06.508265 [info ] [MainThread]:   Connection test: [[32mOK connection ok[0m]

[0m10:32:06.509115 [info ] [MainThread]: [31m1 check failed:[0m
[0m10:32:06.509806 [info ] [MainThread]: Project loading failed for the following reason:
 project path </workspaces/dbt-dlt-ingestion-pipeline/dbt_project.yml> not found

[0m10:32:06.511210 [debug] [MainThread]: Resource report: {"command_name": "debug", "command_wall_clock_time": 0.40668035, "process_user_time": 1.678817, "process_kernel_time": 0.166691, "process_mem_max_rss": "135684", "process_in_blocks": "1736", "process_out_blocks": "48", "command_success": false}
[0m10:32:06.512040 [debug] [MainThread]: Command `dbt debug` failed at 10:32:06.511922 after 0.41 seconds
[0m10:32:06.512601 [debug] [MainThread]: Connection 'debug' was properly closed.
[0m10:32:06.513219 [debug] [MainThread]: Sending event: {'category': 'dbt', 'action': 'invocation', 'label': 'end', 'context': [<snowplow_tracker.self_describing_json.SelfDescribingJson object at 0x7651220eead0>, <snowplow_tracker.self_describing_json.SelfDescribingJson object at 0x76511c3088b0>, <snowplow_tracker.self_describing_json.SelfDescribingJson object at 0x76511c308310>]}
[0m10:32:06.514013 [debug] [MainThread]: Flushing usage events
